[2018-08-04 11:14:58,193] [DEBUG] [main] [LogFactory:135] - Logging initialized using 'class org.apache.ibatis.logging.log4j.Log4jImpl' adapter.
[2018-08-04 11:14:58,408] [DEBUG] [main] [PooledDataSource:316] - PooledDataSource forcefully closed/removed all connections.
[2018-08-04 11:14:58,409] [DEBUG] [main] [PooledDataSource:316] - PooledDataSource forcefully closed/removed all connections.
[2018-08-04 11:14:58,410] [DEBUG] [main] [PooledDataSource:316] - PooledDataSource forcefully closed/removed all connections.
[2018-08-04 11:14:58,410] [DEBUG] [main] [PooledDataSource:316] - PooledDataSource forcefully closed/removed all connections.
[2018-08-04 11:14:58,616] [DEBUG] [main] [JdbcTransaction:136] - Opening JDBC Connection
[2018-08-04 11:14:59,238] [DEBUG] [main] [PooledDataSource:387] - Created connection 1508646930.
[2018-08-04 11:14:59,239] [DEBUG] [main] [JdbcTransaction:100] - Setting autocommit to false on JDBC Connection [com.mysql.jdbc.JDBC4Connection@59ec2012]
[2018-08-04 11:14:59,256] [DEBUG] [main] [getRole:145] - ==>  Preparing: select id,name from role where id=? 
[2018-08-04 11:14:59,348] [DEBUG] [main] [getRole:145] - ==> Parameters: 1(Integer)
[2018-08-04 11:14:59,395] [DEBUG] [main] [getRole:145] - <==      Total: 1
[2018-08-04 11:14:59,397] [ INFO] [main] [Chapter3Main:18] - jiaotong
[2018-08-04 11:14:59,398] [DEBUG] [main] [JdbcTransaction:122] - Resetting autocommit to true on JDBC Connection [com.mysql.jdbc.JDBC4Connection@59ec2012]
[2018-08-04 11:14:59,400] [DEBUG] [main] [JdbcTransaction:90] - Closing JDBC Connection [com.mysql.jdbc.JDBC4Connection@59ec2012]
[2018-08-04 11:14:59,401] [DEBUG] [main] [PooledDataSource:344] - Returned connection 1508646930 to pool.
[2018-08-04 11:32:20,487] [DEBUG] [main] [LogFactory:135] - Logging initialized using 'class org.apache.ibatis.logging.log4j.Log4jImpl' adapter.
[2018-08-04 11:32:20,751] [DEBUG] [main] [PooledDataSource:316] - PooledDataSource forcefully closed/removed all connections.
[2018-08-04 11:32:20,752] [DEBUG] [main] [PooledDataSource:316] - PooledDataSource forcefully closed/removed all connections.
[2018-08-04 11:32:20,753] [DEBUG] [main] [PooledDataSource:316] - PooledDataSource forcefully closed/removed all connections.
[2018-08-04 11:32:20,754] [DEBUG] [main] [PooledDataSource:316] - PooledDataSource forcefully closed/removed all connections.
[2018-08-04 11:32:21,003] [DEBUG] [main] [JdbcTransaction:136] - Opening JDBC Connection
[2018-08-04 11:32:21,993] [DEBUG] [main] [PooledDataSource:387] - Created connection 1508646930.
[2018-08-04 11:32:21,994] [DEBUG] [main] [JdbcTransaction:100] - Setting autocommit to false on JDBC Connection [com.mysql.jdbc.JDBC4Connection@59ec2012]
[2018-08-04 11:32:22,000] [DEBUG] [main] [getRole:145] - ==>  Preparing: select id,name from role where id=? 
[2018-08-04 11:32:22,075] [DEBUG] [main] [getRole:145] - ==> Parameters: 1(Integer)
[2018-08-04 11:32:22,116] [DEBUG] [main] [getRole:145] - <==      Total: 1
[2018-08-04 11:32:22,117] [ INFO] [main] [Chapter3Main:18] - jiaotong
[2018-08-04 11:32:22,118] [ WARN] [main] [Chapter3Main:20] - 
[2018-08-04 11:32:22,118] [DEBUG] [main] [JdbcTransaction:122] - Resetting autocommit to true on JDBC Connection [com.mysql.jdbc.JDBC4Connection@59ec2012]
[2018-08-04 11:32:22,119] [DEBUG] [main] [JdbcTransaction:90] - Closing JDBC Connection [com.mysql.jdbc.JDBC4Connection@59ec2012]
[2018-08-04 11:32:22,120] [DEBUG] [main] [PooledDataSource:344] - Returned connection 1508646930 to pool.
