[2018-08-04 11:14:59,397] [ INFO] [main] [Chapter3Main:18] - jiaotong
[2018-08-04 11:32:22,117] [ INFO] [main] [Chapter3Main:18] - jiaotong
[2018-08-04 11:32:22,118] [ WARN] [main] [Chapter3Main:20] - 
[2018-08-04 11:52:47,840] [ INFO] [main] [Chapter3Main:19] - 成功插入数据1
[2018-08-04 11:54:47,033] [ INFO] [main] [Chapter3Main:19] - 成功插入数据1
[2018-08-04 11:54:47,092] [ INFO] [main] [Chapter3Main:21] - jiaotong
[2018-08-04 11:59:39,718] [ INFO] [main] [Chapter3Main:19] - 成功插入数据1
[2018-08-04 11:59:39,758] [ INFO] [main] [Chapter3Main:21] - jiaotong
[2018-08-04 12:00:17,723] [ INFO] [main] [Chapter3Main:19] - 成功插入数据1
[2018-08-04 12:00:17,787] [ INFO] [main] [Chapter3Main:21] - Role [id=1, name=jiaotong]
[2018-08-04 12:03:38,093] [ INFO] [main] [Chapter3Main:19] - 成功插入数据1
[2018-08-04 12:03:38,134] [ INFO] [main] [Chapter3Main:21] - Role [id=1, name=jiaotong]
[2018-08-04 12:26:18,226] [ INFO] [main] [Chapter3Main:19] - 成功插入数据1
[2018-08-04 12:26:18,294] [ INFO] [main] [Chapter3Main:21] - Role [id=5, name=pingpang]
[2018-08-04 12:26:18,297] [ INFO] [main] [Chapter3Main:23] - 数据提交成功
[2018-08-04 13:01:39,328] [ INFO] [main] [Chapter3Main:19] - 成功插入数据1
[2018-08-04 13:02:15,670] [ INFO] [main] [Chapter3Main:19] - 成功插入数据1
[2018-08-04 13:02:46,878] [ INFO] [main] [Chapter3Main:21] - Role [id=5, name=pingpang]
[2018-08-04 13:02:46,878] [ INFO] [main] [Chapter3Main:23] - 数据提交成功
[2018-08-04 13:03:25,593] [ INFO] [main] [Chapter3Main:19] - 成功插入数据1
[2018-08-04 13:03:25,666] [ INFO] [main] [Chapter3Main:21] - Role [id=5, name=pingpang]
[2018-08-04 13:03:25,673] [ INFO] [main] [Chapter3Main:23] - 数据提交成功
